<?xml version="1.0" encoding="UTF-8"?>
<testsuite xmlns:xsi="http://www.w3.org/2001/XMLSchema-instance" xsi:noNamespaceSchemaLocation="https://maven.apache.org/surefire/maven-surefire-plugin/xsd/surefire-test-report-3.0.xsd" version="3.0" name="com.demo.docker.ThisIsForDockerDeplyomentApplicationTests" time="6.626" tests="1" errors="0" skipped="0" failures="0">
  <properties>
[...]
</properties>
  <testcase name="contextLoads" classname="com.demo.docker.ThisIsForDockerDeplyomentApplicationTests" time="2.339">
    <system-out><![CDATA[23:41:10.758 [main] INFO org.springframework.test.context.support.AnnotationConfigContextLoaderUtils -- Could not detect default configuration classes for test class [com.demo.docker.ThisIsForDockerDeplyomentApplicationTests]: ThisIsForDockerDeplyomentApplicationTests does not declare any static, non-private, non-final, nested classes annotated with @Configuration.
23:41:10.899 [main] INFO org.springframework.boot.test.context.SpringBootTestContextBootstrapper -- Found @SpringBootConfiguration com.demo.docker.ThisIsForDockerDeplyomentApplication for test class com.demo.docker.ThisIsForDockerDeplyomentApplicationTests

  .   ____          _            __ _ _
 /\\ / ___'_ __ _ _(_)_ __  __ _ \ \ \ \
( ( )\___ | '_ | '_| | '_ \/ _` | \ \ \ \
 \\/  ___)| |_)| | | | | || (_| |  ) ) ) )
  '  |____| .__|_| |_|_| |_\__, | / / / /
 =========|_|==============|___/=/_/_/_/
 :: Spring Boot ::                (v3.2.4)

2024-03-31T23:41:11.421+05:30  INFO 21824 --- [This is for docker deplyoment] [           main] hisIsForDockerDeplyomentApplicationTests : Starting ThisIsForDockerDeplyomentApplicationTests using Java 17.0.6 with PID 21824 (started by keshavyadav in C:\Users\keshavyadav\Downloads\docker\docker)
2024-03-31T23:41:11.421+05:30  INFO 21824 --- [This is for docker deplyoment] [           main] hisIsForDockerDeplyomentApplicationTests : No active profile set, falling back to 1 default profile: "default"
2024-03-31T23:41:14.731+05:30  INFO 21824 --- [This is for docker deplyoment] [           main] hisIsForDockerDeplyomentApplicationTests : Started ThisIsForDockerDeplyomentApplicationTests in 3.611 seconds (process running for 10.874)
]]></system-out>
  </testcase>
</testsuite>